<?xml version="1.0" encoding="UTF-8"?>
<!-- Generated by org.testng.reporters.JUnitReportReporter -->
<testsuite hostname="DESKTOP-3J7S10G" failures="0" tests="7" name="tests.T03_SelectBusTest" time="94.692" errors="0" timestamp="2023-11-01T04:52:09 EET" skipped="0">
  <testcase classname="tests.T03_SelectBusTest" name="TestBoardingDroppingPoint" time="0.660"/>
  <testcase classname="tests.T03_SelectBusTest" name="TestSetCstInfo" time="1.585"/>
  <testcase classname="tests.T03_SelectBusTest" name="fillPassengerInfo" time="3.184"/>
  <testcase classname="tests.T03_SelectBusTest" name="TestClickPayment" time="75.339"/>
  <testcase classname="tests.T03_SelectBusTest" name="fillPassengerInfo" time="4.846"/>
  <testcase classname="tests.T03_SelectBusTest" name="TestSelectSeatsBtn" time="3.892"/>
  <testcase classname="tests.T03_SelectBusTest" name="TestSelectAvailSeats" time="5.186"/>
</testsuite> <!-- tests.T03_SelectBusTest -->
