<?xml version="1.0" encoding="UTF-8"?>
<!-- Generated by org.testng.reporters.JUnitReportReporter -->
<testsuite hostname="DESKTOP-3J7S10G" failures="0" tests="6" name="tests.T03_SelectBusTest" time="112.921" errors="0" timestamp="2023-10-30T03:40:36 EET" skipped="0">
  <testcase classname="tests.T03_SelectBusTest" name="TestClickPayment" time="98.241"/>
  <testcase classname="tests.T03_SelectBusTest" name="TestSetCstInfo" time="1.800"/>
  <testcase classname="tests.T03_SelectBusTest" name="fillPassengerInfo" time="7.701"/>
  <testcase classname="tests.T03_SelectBusTest" name="TestBoardingDroppingPoint" time="0.556"/>
  <testcase classname="tests.T03_SelectBusTest" name="TestSelectSeatsBtn" time="2.056"/>
  <testcase classname="tests.T03_SelectBusTest" name="TestSelectAvailSeats" time="2.567"/>
</testsuite> <!-- tests.T03_SelectBusTest -->
