<?xml version="1.0" encoding="UTF-8"?>
<!-- Generated by org.testng.reporters.JUnitReportReporter -->
<testsuite hostname="DESKTOP-3J7S10G" failures="0" tests="1" name="tests.T02_SearchForBusTest" time="49.820" errors="0" timestamp="2023-11-01T04:52:10 EET" skipped="0">
  <testcase classname="tests.T02_SearchForBusTest" name="testSearch" time="49.820"/>
</testsuite> <!-- tests.T02_SearchForBusTest -->
